<?xml version="1.0" encoding="UTF-8"?>
<!-- Generated by org.testng.reporters.JUnitReportReporter -->
<testsuite skipped="0" hostname="DESKTOP-SBSOGC5" name="NewTestNGTest" tests="2" failures="0" timestamp="05 sie 2018 08:07:54 GMT" time="73.420" errors="0">
  <testcase name="TestFireFox1" time="36.558" classname="NewTestNGTest"/>
  <testcase name="TestChrome1" time="36.862" classname="NewTestNGTest"/>
</testsuite> <!-- NewTestNGTest -->
